This is pdfTeX, Version 3.14159265-2.6-1.40.21 (TeX Live 2020/W32TeX) (preloaded format=pdflatex 2020.11.21)  6 APR 2021 21:08
entering extended mode
 restricted \write18 enabled.
 file:line:error style messages enabled.
 %&-line parsing enabled.
**"h:/학교/2021 동탄고등학교3학년/1학기/can-binary-express-everything/main.tex"
(h:/학교/2021 동탄고등학교3학년/1학기/can-binary-express-everything/main.tex
LaTeX2e <2020-10-01> patch level 2
L3 programming layer <2020-10-27> xparse <2020-03-03> (c:/texlive/2020/texmf-dist/tex/latex/base/article.cls
Document Class: article 2020/04/10 v1.4m Standard LaTeX document class
(c:/texlive/2020/texmf-dist/tex/latex/base/size10.clo
File: size10.clo 2020/04/10 v1.4m Standard LaTeX file (size option)
)
\c@part=\count175
\c@section=\count176
\c@subsection=\count177
\c@subsubsection=\count178
\c@paragraph=\count179
\c@subparagraph=\count180
\c@figure=\count181
\c@table=\count182
\abovecaptionskip=\skip47
\belowcaptionskip=\skip48
\bibindent=\dimen138
) (c:/texlive/2020/texmf-dist/tex/latex/cjk-ko/kotex.sty
Package: kotex 2015/04/19 v1.6 Korean TeX (ko.TeX)
 (c:/texlive/2020/texmf-dist/tex/latex/kotex-utf/kotex.cfg) (c:/texlive/2020/texmf-dist/tex/latex/kotex-utf/kotexutf.sty
Package: kotexutf 2015/07/18 v2.1.1 typesetting UTF-8 Korean documents
 (c:/texlive/2020/texmf-dist/tex/latex/base/inputenc.sty
Package: inputenc 2020/08/01 v1.3d Input encoding file
\inpenc@prehook=\toks15
\inpenc@posthook=\toks16
) (c:/texlive/2020/texmf-dist/tex/plain/kotex-plain/kotexutf-core.tex
\unih@ngulpoint=\count183
\dhucs@emph@raise=\dimen139
)
Now handling font encoding LUC ...
... processing UTF-8 mapping file for font encoding LUC
 (c:/texlive/2020/texmf-dist/tex/latex/kotex-utf/lucenc.dfu
File: lucenc.dfu 2007/09/05 UTF-8 support for dhucs
   defining Unicode char U+00B7 (decimal 183)
   defining Unicode char U+2018 (decimal 8216)
   defining Unicode char U+2019 (decimal 8217)
   defining Unicode char U+201C (decimal 8220)
   defining Unicode char U+201D (decimal 8221)
   defining Unicode char U+3001 (decimal 12289)
   defining Unicode char U+3002 (decimal 12290)
   defining Unicode char U+3008 (decimal 12296)
   defining Unicode char U+3009 (decimal 12297)
   defining Unicode char U+300A (decimal 12298)
   defining Unicode char U+300B (decimal 12299)
   defining Unicode char U+300C (decimal 12300)
   defining Unicode char U+300D (decimal 12301)
   defining Unicode char U+300E (decimal 12302)
   defining Unicode char U+300F (decimal 12303)
   defining Unicode char U+3010 (decimal 12304)
   defining Unicode char U+3011 (decimal 12305)
   defining Unicode char U+3014 (decimal 12308)
   defining Unicode char U+3015 (decimal 12309)
   defining Unicode char U+3016 (decimal 12310)
   defining Unicode char U+3017 (decimal 12311)
   defining Unicode char U+3018 (decimal 12312)
   defining Unicode char U+3019 (decimal 12313)
   defining Unicode char U+301A (decimal 12314)
   defining Unicode char U+301B (decimal 12315)
   defining Unicode char U+FF01 (decimal 65281)
   defining Unicode char U+FF08 (decimal 65288)
   defining Unicode char U+FF09 (decimal 65289)
   defining Unicode char U+FF0C (decimal 65292)
   defining Unicode char U+FF0E (decimal 65294)
   defining Unicode char U+FF1A (decimal 65306)
   defining Unicode char U+FF1B (decimal 65307)
   defining Unicode char U+FF1C (decimal 65308)
   defining Unicode char U+FF1D (decimal 65309)
   defining Unicode char U+FF1E (decimal 65310)
   defining Unicode char U+FF1F (decimal 65311)
   defining Unicode char U+FF3B (decimal 65339)
   defining Unicode char U+FF3D (decimal 65341)
   defining Unicode char U+FF5B (decimal 65371)
   defining Unicode char U+FF5D (decimal 65373)
   defining Unicode char U+FF61 (decimal 65377)
   defining Unicode char U+FF62 (decimal 65378)
   defining Unicode char U+FF63 (decimal 65379)
   defining Unicode char U+FF64 (decimal 65380)
   defining Unicode char U+FF65 (decimal 65381)
)
\@josa=\count184
\josatoks=\toks17
 (c:/texlive/2020/texmf-dist/tex/latex/cjk-ko/kolabels-utf.sty
Package: kolabels-utf 2015/03/20 v1.5 UTF-8 Hangul item labels
))) (c:/texlive/2020/texmf-dist/tex/latex/amsmath/amsmath.sty
Package: amsmath 2020/09/23 v2.17i AMS math features
\@mathmargin=\skip49

For additional information on amsmath, use the `?' option.
(c:/texlive/2020/texmf-dist/tex/latex/amsmath/amstext.sty
Package: amstext 2000/06/29 v2.01 AMS text
 (c:/texlive/2020/texmf-dist/tex/latex/amsmath/amsgen.sty
File: amsgen.sty 1999/11/30 v2.0 generic functions
\@emptytoks=\toks18
\ex@=\dimen140
)) (c:/texlive/2020/texmf-dist/tex/latex/amsmath/amsbsy.sty
Package: amsbsy 1999/11/29 v1.2d Bold Symbols
\pmbraise@=\dimen141
) (c:/texlive/2020/texmf-dist/tex/latex/amsmath/amsopn.sty
Package: amsopn 2016/03/08 v2.02 operator names
)
\inf@bad=\count185
LaTeX Info: Redefining \frac on input line 234.
\uproot@=\count186
\leftroot@=\count187
LaTeX Info: Redefining \overline on input line 399.
\classnum@=\count188
\DOTSCASE@=\count189
LaTeX Info: Redefining \ldots on input line 496.
LaTeX Info: Redefining \dots on input line 499.
LaTeX Info: Redefining \cdots on input line 620.
\Mathstrutbox@=\box47
\strutbox@=\box48
\big@size=\dimen142
LaTeX Font Info:    Redeclaring font encoding OML on input line 743.
LaTeX Font Info:    Redeclaring font encoding OMS on input line 744.
\macc@depth=\count190
\c@MaxMatrixCols=\count191
\dotsspace@=\muskip16
\c@parentequation=\count192
\dspbrk@lvl=\count193
\tag@help=\toks19
\row@=\count194
\column@=\count195
\maxfields@=\count196
\andhelp@=\toks20
\eqnshift@=\dimen143
\alignsep@=\dimen144
\tagshift@=\dimen145
\tagwidth@=\dimen146
\totwidth@=\dimen147
\lineht@=\dimen148
\@envbody=\toks21
\multlinegap=\skip50
\multlinetaggap=\skip51
\mathdisplay@stack=\toks22
LaTeX Info: Redefining \[ on input line 2923.
LaTeX Info: Redefining \] on input line 2924.
) (c:/texlive/2020/texmf-dist/tex/latex/geometry/geometry.sty
Package: geometry 2020/01/02 v5.9 Page Geometry
 (c:/texlive/2020/texmf-dist/tex/latex/graphics/keyval.sty
Package: keyval 2014/10/28 v1.15 key=value parser (DPC)
\KV@toks@=\toks23
) (c:/texlive/2020/texmf-dist/tex/generic/iftex/ifvtex.sty
Package: ifvtex 2019/10/25 v1.7 ifvtex legacy package. Use iftex instead.
 (c:/texlive/2020/texmf-dist/tex/generic/iftex/iftex.sty
Package: iftex 2020/03/06 v1.0d TeX engine tests
))
\Gm@cnth=\count197
\Gm@cntv=\count198
\c@Gm@tempcnt=\count199
\Gm@bindingoffset=\dimen149
\Gm@wd@mp=\dimen150
\Gm@odd@mp=\dimen151
\Gm@even@mp=\dimen152
\Gm@layoutwidth=\dimen153
\Gm@layoutheight=\dimen154
\Gm@layouthoffset=\dimen155
\Gm@layoutvoffset=\dimen156
\Gm@dimlist=\toks24
) (c:/texlive/2020/texmf-dist/tex/latex/l3backend/l3backend-pdftex.def
File: l3backend-pdftex.def 2020-09-24 L3 backend support: PDF output (pdfTeX)
\l__kernel_color_stack_int=\count266
\l__pdf_internal_box=\box49
) (h:/학교/2021 동탄고등학교3학년/1학기/can-binary-express-everything/main.aux)
\openout1 = `main.aux'.

LaTeX Font Info:    Checking defaults for OML/cmm/m/it on input line 10.
LaTeX Font Info:    ... okay on input line 10.
LaTeX Font Info:    Checking defaults for OMS/cmsy/m/n on input line 10.
LaTeX Font Info:    ... okay on input line 10.
LaTeX Font Info:    Checking defaults for OT1/cmr/m/n on input line 10.
LaTeX Font Info:    ... okay on input line 10.
LaTeX Font Info:    Checking defaults for T1/cmr/m/n on input line 10.
LaTeX Font Info:    ... okay on input line 10.
LaTeX Font Info:    Checking defaults for TS1/cmr/m/n on input line 10.
LaTeX Font Info:    ... okay on input line 10.
LaTeX Font Info:    Checking defaults for OMX/cmex/m/n on input line 10.
LaTeX Font Info:    ... okay on input line 10.
LaTeX Font Info:    Checking defaults for U/cmr/m/n on input line 10.
LaTeX Font Info:    ... okay on input line 10.
LaTeX Font Info:    Checking defaults for LUC/nanummj/m/n on input line 10.
LaTeX Font Info:    Trying to load font information for LUC+nanummj on input line 10.
 (c:/texlive/2020/texmf-dist/tex/latex/nanumtype1/lucnanummj.fd
File: lucnanummj.fd 2013/02/12 v0.1 Nanum Myeongjo font definitions
)
LaTeX Font Info:    ... okay on input line 10.

*geometry* driver: auto-detecting
*geometry* detected driver: pdftex
*geometry* verbose mode - [ preamble ] result:
* driver: pdftex
* paper: <default>
* layout: <same size as paper>
* layoutoffset:(h,v)=(0.0pt,0.0pt)
* modes: 
* h-part:(L,W,R)=(72.26999pt, 469.75502pt, 72.26999pt)
* v-part:(T,H,B)=(72.26999pt, 650.43001pt, 72.26999pt)
* \paperwidth=614.295pt
* \paperheight=794.96999pt
* \textwidth=469.75502pt
* \textheight=650.43001pt
* \oddsidemargin=0.0pt
* \evensidemargin=0.0pt
* \topmargin=-37.0pt
* \headheight=12.0pt
* \headsep=25.0pt
* \topskip=10.0pt
* \footskip=30.0pt
* \marginparwidth=65.0pt
* \marginparsep=11.0pt
* \columnsep=10.0pt
* \skip\footins=9.0pt plus 4.0pt minus 2.0pt
* \hoffset=0.0pt
* \voffset=0.0pt
* \mag=1000
* \@twocolumnfalse
* \@twosidefalse
* \@mparswitchfalse
* \@reversemarginfalse
* (1in=72.27pt=25.4mm, 1cm=28.453pt)

(h:/학교/2021 동탄고등학교3학년/1학기/can-binary-express-everything/main.toc)
\tf@toc=\write3
\openout3 = `main.toc'.

 [1

{c:/texlive/2020/texmf-var/fonts/map/pdftex/updmap/pdftex.map}] [2] [3] [4] [5] [6] [7] (h:/학교/2021 동탄고등학교3학년/1학기/can-binary-express-everything/main.aux) ) 
Here is how much of TeX's memory you used:
 2207 strings out of 479485
 32893 string characters out of 5875915
 343949 words of memory out of 5000000
 19154 multiletter control sequences out of 15000+600000
 578686 words of font info for 178 fonts, out of 8000000 for 9000
 1141 hyphenation exceptions out of 8191
 66i,10n,72p,314b,257s stack positions out of 5000i,500n,10000p,200000b,80000s
{c:/texlive/2020/texmf-dist/fonts/enc/dvips/cm-super/cm-super-ts1.enc}<c:/texlive/2020/texmf-dist/fonts/type1/public/amsfonts/cm/cmbx10.pfb><c:/texlive/2020/texmf-dist/fonts/type1/public/amsfonts/cm/cmbx12.pfb><c:/texlive/2020/texmf-dist/fonts/type1/public/amsfonts/cm/cmex10.pfb><c:/texlive/2020/texmf-dist/fonts/type1/public/amsfonts/cm/cmmi10.pfb><c:/texlive/2020/texmf-dist/fonts/type1/public/amsfonts/cm/cmmi7.pfb><c:/texlive/2020/texmf-dist/fonts/type1/public/amsfonts/cm/cmmi8.pfb><c:/texlive/2020/texmf-dist/fonts/type1/public/amsfonts/cm/cmr10.pfb><c:/texlive/2020/texmf-dist/fonts/type1/public/amsfonts/cm/cmr12.pfb><c:/texlive/2020/texmf-dist/fonts/type1/public/amsfonts/cm/cmr17.pfb><c:/texlive/2020/texmf-dist/fonts/type1/public/amsfonts/cm/cmr5.pfb><c:/texlive/2020/texmf-dist/fonts/type1/public/amsfonts/cm/cmr6.pfb><c:/texlive/2020/texmf-dist/fonts/type1/public/amsfonts/cm/cmr7.pfb><c:/texlive/2020/texmf-dist/fonts/type1/public/amsfonts/cm/cmr8.pfb><c:/texlive/2020/texmf-dist/fonts/type1/public/amsfonts/cm/cmsy10.pfb><c:/texlive/2020/texmf-dist/fonts/type1/public/amsfonts/cm/cmsy7.pfb><c:/texlive/2020/texmf-dist/fonts/type1/public/nanumtype1/nanummjbac.pfb><c:/texlive/2020/texmf-dist/fonts/type1/public/nanumtype1/nanummjbad.pfb><c:/texlive/2020/texmf-dist/fonts/type1/public/nanumtype1/nanummjbae.pfb><c:/texlive/2020/texmf-dist/fonts/type1/public/nanumtype1/nanummjbb2.pfb><c:/texlive/2020/texmf-dist/fonts/type1/public/nanumtype1/nanummjbb3.pfb><c:/texlive/2020/texmf-dist/fonts/type1/public/nanumtype1/nanummjbb8.pfb><c:/texlive/2020/texmf-dist/fonts/type1/public/nanumtype1/nanummjbb9.pfb><c:/texlive/2020/texmf-dist/fonts/type1/public/nanumtype1/nanummjbbb.pfb><c:/texlive/2020/texmf-dist/fonts/type1/public/nanumtype1/nanummjbbc.pfb><c:/texlive/2020/texmf-dist/fonts/type1/public/nanumtype1/nanummjbbd.pfb><c:/texlive/2020/texmf-dist/fonts/type1/public/nanumtype1/nanummjbc0.pfb><c:/texlive/2020/texmf-dist/fonts/type1/public/nanumtype1/nanummjbc1.pfb><c:/texlive/2020/texmf-dist/fonts/type1/public/nanumtype1/nanummjbc2.pfb><c:/texlive/2020/texmf-dist/fonts/type1/public/nanumtype1/nanummjbc5.pfb><c:/texlive/2020/texmf-dist/fonts/type1/public/nanumtype1/nanummjbc6.pfb><c:/texlive/2020/texmf-dist/fonts/type1/public/nanumtype1/nanummjbc7.pfb><c:/texlive/2020/texmf-dist/fonts/type1/public/nanumtype1/nanummjbc8.pfb><c:/texlive/2020/texmf-dist/fonts/type1/public/nanumtype1/nanummjbc9.pfb><c:/texlive/2020/texmf-dist/fonts/type1/public/nanumtype1/nanummjbcc.pfb><c:/texlive/2020/texmf-dist/fonts/type1/public/nanumtype1/nanummjbce.pfb><c:/texlive/2020/texmf-dist/fonts/type1/public/nanumtype1/nanummjbd1.pfb><c:/texlive/2020/texmf-dist/fonts/type1/public/nanumtype1/nanummjbd4.pfb><c:/texlive/2020/texmf-dist/fonts/type1/public/nanumtype1/nanummjbd5.pfb><c:/texlive/2020/texmf-dist/fonts/type1/public/nanumtype1/nanummjbd6.pfb><c:/texlive/2020/texmf-dist/fonts/type1/public/nanumtype1/nanummjmac.pfb><c:/texlive/2020/texmf-dist/fonts/type1/public/nanumtype1/nanummjmad.pfb><c:/texlive/2020/texmf-dist/fonts/type1/public/nanumtype1/nanummjmae.pfb><c:/texlive/2020/texmf-dist/fonts/type1/public/nanumtype1/nanummjmaf.pfb><c:/texlive/2020/texmf-dist/fonts/type1/public/nanumtype1/nanummjmb0.pfb><c:/texlive/2020/texmf-dist/fonts/type1/public/nanumtype1/nanummjmb1.pfb><c:/texlive/2020/texmf-dist/fonts/type1/public/nanumtype1/nanummjmb2.pfb><c:/texlive/2020/texmf-dist/fonts/type1/public/nanumtype1/nanummjmb3.pfb><c:/texlive/2020/texmf-dist/fonts/type1/public/nanumtype1/nanummjmb4.pfb><c:/texlive/2020/texmf-dist/fonts/type1/public/nanumtype1/nanummjmb5.pfb><c:/texlive/2020/texmf-dist/fonts/type1/public/nanumtype1/nanummjmb6.pfb><c:/texlive/2020/texmf-dist/fonts/type1/public/nanumtype1/nanummjmb7.pfb><c:/texlive/2020/texmf-dist/fonts/type1/public/nanumtype1/nanummjmb8.pfb><c:/texlive/2020/texmf-dist/fonts/type1/public/nanumtype1/nanummjmb9.pfb><c:/texlive/2020/texmf-dist/fonts/type1/public/nanumtype1/nanummjmba.pfb><c:/texlive/2020/texmf-dist/fonts/type1/public/nanumtype1/nanummjmbb.pfb><c:/texlive/2020/texmf-dist/fonts/type1/public/nanumtype1/nanummjmbc.pfb><c:/texlive/2020/texmf-dist/fonts/type1/public/nanumtype1/nanummjmbd.pfb><c:/texlive/2020/texmf-dist/fonts/type1/public/nanumtype1/nanummjmbe.pfb><c:/texlive/2020/texmf-dist/fonts/type1/public/nanumtype1/nanummjmbf.pfb><c:/texlive/2020/texmf-dist/fonts/type1/public/nanumtype1/nanummjmc0.pfb><c:/texlive/2020/texmf-dist/fonts/type1/public/nanumtype1/nanummjmc1.pfb><c:/texlive/2020/texmf-dist/fonts/type1/public/nanumtype1/nanummjmc2.pfb><c:/texlive/2020/texmf-dist/fonts/type1/public/nanumtype1/nanummjmc3.pfb><c:/texlive/2020/texmf-dist/fonts/type1/public/nanumtype1/nanummjmc4.pfb><c:/texlive/2020/texmf-dist/fonts/type1/public/nanumtype1/nanummjmc5.pfb><c:/texlive/2020/texmf-dist/fonts/type1/public/nanumtype1/nanummjmc6.pfb><c:/texlive/2020/texmf-dist/fonts/type1/public/nanumtype1/nanummjmc7.pfb><c:/texlive/2020/texmf-dist/fonts/type1/public/nanumtype1/nanummjmc8.pfb><c:/texlive/2020/texmf-dist/fonts/type1/public/nanumtype1/nanummjmc9.pfb><c:/texlive/2020/texmf-dist/fonts/type1/public/nanumtype1/nanummjmca.pfb><c:/texlive/2020/texmf-dist/fonts/type1/public/nanumtype1/nanummjmcc.pfb><c:/texlive/2020/texmf-dist/fonts/type1/public/nanumtype1/nanummjmcd.pfb><c:/texlive/2020/texmf-dist/fonts/type1/public/nanumtype1/nanummjmce.pfb><c:/texlive/2020/texmf-dist/fonts/type1/public/nanumtype1/nanummjmcf.pfb><c:/texlive/2020/texmf-dist/fonts/type1/public/nanumtype1/nanummjmd0.pfb><c:/texlive/2020/texmf-dist/fonts/type1/public/nanumtype1/nanummjmd1.pfb><c:/texlive/2020/texmf-dist/fonts/type1/public/nanumtype1/nanummjmd2.pfb><c:/texlive/2020/texmf-dist/fonts/type1/public/nanumtype1/nanummjmd3.pfb><c:/texlive/2020/texmf-dist/fonts/type1/public/nanumtype1/nanummjmd4.pfb><c:/texlive/2020/texmf-dist/fonts/type1/public/nanumtype1/nanummjmd5.pfb><c:/texlive/2020/texmf-dist/fonts/type1/public/nanumtype1/nanummjmd6.pfb><c:/texlive/2020/texmf-dist/fonts/type1/public/nanumtype1/nanummjmd7.pfb><c:/texlive/2020/texmf-dist/fonts/type1/public/cm-super/sfrm1000.pfb>
Output written on "h:/학교/2021 동탄고등학교3학년/1학기/can-binary-express-everything/main.pdf" (7 pages, 3185763 bytes).
PDF statistics:
 363 PDF objects out of 1000 (max. 8388607)
 268 compressed objects within 3 object streams
 0 named destinations out of 1000 (max. 500000)
 1 words of extra memory for PDF output out of 10000 (max. 10000000)

